<?xml version="1.0" encoding="UTF-8"?>
<coverage generated="1784535558668" clover="3.2.0">
  <project timestamp="1784535558668" name="All files">
    <metrics statements="35" coveredstatements="35" conditionals="42" coveredconditionals="42" methods="8" coveredmethods="8" elements="85" coveredelements="85" complexity="0" loc="35" ncloc="35" packages="2" files="4" classes="4"/>
    <package name="application">
      <metrics statements="2" coveredstatements="2" conditionals="2" coveredconditionals="2" methods="1" coveredmethods="1"/>
      <file name="idempotency.ts" path="/home/ubuntu/repos/eject/control-plane/src/modules/eject/application/idempotency.ts">
        <metrics statements="2" coveredstatements="2" conditionals="2" coveredconditionals="2" methods="1" coveredmethods="1"/>
        <line num="11" count="12" type="stmt"/>
        <line num="19" count="12" type="stmt"/>
      </file>
    </package>
    <package name="domain">
      <metrics statements="33" coveredstatements="33" conditionals="40" coveredconditionals="40" methods="7" coveredmethods="7"/>
      <file name="authorization.ts" path="/home/ubuntu/repos/eject/control-plane/src/modules/eject/domain/authorization.ts">
        <metrics statements="26" coveredstatements="26" conditionals="36" coveredconditionals="36" methods="4" coveredmethods="4"/>
        <line num="49" count="223" type="cond" truecount="4" falsecount="0"/>
        <line num="50" count="2" type="stmt"/>
        <line num="53" count="221" type="cond" truecount="5" falsecount="0"/>
        <line num="54" count="165" type="stmt"/>
        <line num="57" count="56" type="cond" truecount="2" falsecount="0"/>
        <line num="58" count="43" type="stmt"/>
        <line num="61" count="13" type="cond" truecount="2" falsecount="0"/>
        <line num="62" count="1" type="stmt"/>
        <line num="65" count="12" type="cond" truecount="2" falsecount="0"/>
        <line num="69" count="1" type="stmt"/>
        <line num="72" count="11" type="stmt"/>
        <line num="73" count="11" type="cond" truecount="2" falsecount="0"/>
        <line num="77" count="2" type="stmt"/>
        <line num="80" count="9" type="cond" truecount="4" falsecount="0"/>
        <line num="81" count="2" type="stmt"/>
        <line num="84" count="7" type="stmt"/>
        <line num="88" count="161" type="cond" truecount="2" falsecount="0"/>
        <line num="89" count="2" type="stmt"/>
        <line num="92" count="159" type="cond" truecount="3" falsecount="0"/>
        <line num="94" count="156" type="cond" truecount="2" falsecount="0"/>
        <line num="96" count="2" type="stmt"/>
        <line num="98" count="1" type="stmt"/>
        <line num="103" count="58" type="cond" truecount="2" falsecount="0"/>
        <line num="104" count="1" type="stmt"/>
        <line num="107" count="57" type="stmt"/>
        <line num="114" count="216" type="stmt"/>
      </file>
      <file name="exposure.ts" path="/home/ubuntu/repos/eject/control-plane/src/modules/eject/domain/exposure.ts">
        <metrics statements="5" coveredstatements="5" conditionals="4" coveredconditionals="4" methods="2" coveredmethods="2"/>
        <line num="8" count="114" type="stmt"/>
        <line num="14" count="114" type="cond" truecount="2" falsecount="0"/>
        <line num="16" count="334" type="stmt"/>
        <line num="18" count="3" type="stmt"/>
        <line num="23" count="111" type="stmt"/>
      </file>
      <file name="lifecycle.ts" path="/home/ubuntu/repos/eject/control-plane/src/modules/eject/domain/lifecycle.ts">
        <metrics statements="2" coveredstatements="2" conditionals="0" coveredconditionals="0" methods="1" coveredmethods="1"/>
        <line num="16" count="1" type="stmt"/>
        <line num="35" count="144" type="stmt"/>
      </file>
    </package>
  </project>
</coverage>
