{"/home/ubuntu/repos/eject/control-plane/src/modules/eject/application/idempotency.ts": {"path":"/home/ubuntu/repos/eject/control-plane/src/modules/eject/application/idempotency.ts","statementMap":{"0":{"start":{"line":11,"column":20},"end":{"line":17,"column":null}},"1":{"start":{"line":19,"column":2},"end":{"line":19,"column":null}}},"fnMap":{"0":{"name":"semanticRequestFingerprint","decl":{"start":{"line":10,"column":16},"end":{"line":10,"column":43}},"loc":{"start":{"line":10,"column":77},"end":{"line":20,"column":null}},"line":10}},"branchMap":{"0":{"loc":{"start":{"line":16,"column":4},"end":{"line":16,"column":null}},"type":"binary-expr","locations":[{"start":{"line":16,"column":4},"end":{"line":16,"column":32}},{"start":{"line":16,"column":32},"end":{"line":16,"column":null}}],"line":16}},"s":{"0":12,"1":12},"f":{"0":12},"b":{"0":[12,11]},"meta":{"lastBranch":1,"lastFunction":1,"lastStatement":2,"seen":{"f:10:16:10:43":0,"s:11:20:17:Infinity":0,"b:16:4:16:32:16:32:16:Infinity":0,"s:19:2:19:Infinity":1},"fnNames":{}}}
,"/home/ubuntu/repos/eject/control-plane/src/modules/eject/domain/authorization.ts": {"path":"/home/ubuntu/repos/eject/control-plane/src/modules/eject/domain/authorization.ts","statementMap":{"0":{"start":{"line":49,"column":2},"end":{"line":51,"column":null}},"1":{"start":{"line":50,"column":4},"end":{"line":50,"column":null}},"2":{"start":{"line":53,"column":2},"end":{"line":55,"column":null}},"3":{"start":{"line":54,"column":4},"end":{"line":54,"column":null}},"4":{"start":{"line":57,"column":2},"end":{"line":59,"column":null}},"5":{"start":{"line":58,"column":4},"end":{"line":58,"column":null}},"6":{"start":{"line":61,"column":2},"end":{"line":63,"column":null}},"7":{"start":{"line":62,"column":4},"end":{"line":62,"column":null}},"8":{"start":{"line":65,"column":2},"end":{"line":70,"column":null}},"9":{"start":{"line":69,"column":4},"end":{"line":69,"column":null}},"10":{"start":{"line":72,"column":24},"end":{"line":72,"column":null}},"11":{"start":{"line":73,"column":2},"end":{"line":78,"column":null}},"12":{"start":{"line":77,"column":4},"end":{"line":77,"column":null}},"13":{"start":{"line":80,"column":2},"end":{"line":82,"column":null}},"14":{"start":{"line":81,"column":4},"end":{"line":81,"column":null}},"15":{"start":{"line":84,"column":2},"end":{"line":84,"column":null}},"16":{"start":{"line":88,"column":2},"end":{"line":90,"column":null}},"17":{"start":{"line":89,"column":4},"end":{"line":89,"column":null}},"18":{"start":{"line":92,"column":2},"end":{"line":99,"column":null}},"19":{"start":{"line":94,"column":6},"end":{"line":94,"column":null}},"20":{"start":{"line":96,"column":6},"end":{"line":96,"column":null}},"21":{"start":{"line":98,"column":6},"end":{"line":98,"column":null}},"22":{"start":{"line":103,"column":2},"end":{"line":105,"column":null}},"23":{"start":{"line":104,"column":4},"end":{"line":104,"column":null}},"24":{"start":{"line":107,"column":2},"end":{"line":109,"column":null}},"25":{"start":{"line":114,"column":2},"end":{"line":114,"column":null}}},"fnMap":{"0":{"name":"authorizeEject","decl":{"start":{"line":45,"column":16},"end":{"line":45,"column":null}},"loc":{"start":{"line":48,"column":25},"end":{"line":85,"column":null}},"line":48},"1":{"name":"hasAccess","decl":{"start":{"line":87,"column":9},"end":{"line":87,"column":19}},"loc":{"start":{"line":87,"column":55},"end":{"line":100,"column":null}},"line":87},"2":{"name":"senderIsEligible","decl":{"start":{"line":102,"column":9},"end":{"line":102,"column":26}},"loc":{"start":{"line":102,"column":62},"end":{"line":111,"column":null}},"line":102},"3":{"name":"rejected","decl":{"start":{"line":113,"column":9},"end":{"line":113,"column":18}},"loc":{"start":{"line":113,"column":66},"end":{"line":115,"column":null}},"line":113}},"branchMap":{"0":{"loc":{"start":{"line":49,"column":2},"end":{"line":51,"column":null}},"type":"if","locations":[{"start":{"line":49,"column":2},"end":{"line":51,"column":null}},{"start":{},"end":{}}],"line":49},"1":{"loc":{"start":{"line":49,"column":6},"end":{"line":49,"column":58}},"type":"binary-expr","locations":[{"start":{"line":49,"column":6},"end":{"line":49,"column":35}},{"start":{"line":49,"column":35},"end":{"line":49,"column":58}}],"line":49},"2":{"loc":{"start":{"line":53,"column":2},"end":{"line":55,"column":null}},"type":"if","locations":[{"start":{"line":53,"column":2},"end":{"line":55,"column":null}},{"start":{},"end":{}}],"line":53},"3":{"loc":{"start":{"line":53,"column":6},"end":{"line":53,"column":70}},"type":"binary-expr","locations":[{"start":{"line":53,"column":6},"end":{"line":53,"column":23}},{"start":{"line":53,"column":23},"end":{"line":53,"column":44}},{"start":{"line":53,"column":44},"end":{"line":53,"column":70}}],"line":53},"4":{"loc":{"start":{"line":57,"column":2},"end":{"line":59,"column":null}},"type":"if","locations":[{"start":{"line":57,"column":2},"end":{"line":59,"column":null}},{"start":{},"end":{}}],"line":57},"5":{"loc":{"start":{"line":61,"column":2},"end":{"line":63,"column":null}},"type":"if","locations":[{"start":{"line":61,"column":2},"end":{"line":63,"column":null}},{"start":{},"end":{}}],"line":61},"6":{"loc":{"start":{"line":65,"column":2},"end":{"line":70,"column":null}},"type":"if","locations":[{"start":{"line":65,"column":2},"end":{"line":70,"column":null}},{"start":{},"end":{}}],"line":65},"7":{"loc":{"start":{"line":66,"column":4},"end":{"line":67,"column":null}},"type":"binary-expr","locations":[{"start":{"line":66,"column":4},"end":{"line":66,"column":null}},{"start":{"line":67,"column":4},"end":{"line":67,"column":null}}],"line":66},"8":{"loc":{"start":{"line":73,"column":2},"end":{"line":78,"column":null}},"type":"if","locations":[{"start":{"line":73,"column":2},"end":{"line":78,"column":null}},{"start":{},"end":{}}],"line":73},"9":{"loc":{"start":{"line":74,"column":4},"end":{"line":75,"column":null}},"type":"binary-expr","locations":[{"start":{"line":74,"column":4},"end":{"line":74,"column":null}},{"start":{"line":75,"column":4},"end":{"line":75,"column":null}}],"line":74},"10":{"loc":{"start":{"line":80,"column":2},"end":{"line":82,"column":null}},"type":"if","locations":[{"start":{"line":80,"column":2},"end":{"line":82,"column":null}},{"start":{},"end":{}}],"line":80},"11":{"loc":{"start":{"line":80,"column":6},"end":{"line":80,"column":55}},"type":"binary-expr","locations":[{"start":{"line":80,"column":6},"end":{"line":80,"column":32}},{"start":{"line":80,"column":32},"end":{"line":80,"column":55}}],"line":80},"12":{"loc":{"start":{"line":88,"column":2},"end":{"line":90,"column":null}},"type":"if","locations":[{"start":{"line":88,"column":2},"end":{"line":90,"column":null}},{"start":{},"end":{}}],"line":88},"13":{"loc":{"start":{"line":92,"column":2},"end":{"line":99,"column":null}},"type":"switch","locations":[{"start":{"line":93,"column":4},"end":{"line":94,"column":null}},{"start":{"line":95,"column":4},"end":{"line":96,"column":null}},{"start":{"line":97,"column":4},"end":{"line":98,"column":null}}],"line":92},"14":{"loc":{"start":{"line":94,"column":13},"end":{"line":94,"column":null}},"type":"binary-expr","locations":[{"start":{"line":94,"column":13},"end":{"line":94,"column":41}},{"start":{"line":94,"column":41},"end":{"line":94,"column":null}}],"line":94},"15":{"loc":{"start":{"line":103,"column":2},"end":{"line":105,"column":null}},"type":"if","locations":[{"start":{"line":103,"column":2},"end":{"line":105,"column":null}},{"start":{},"end":{}}],"line":103},"16":{"loc":{"start":{"line":108,"column":4},"end":{"line":109,"column":null}},"type":"binary-expr","locations":[{"start":{"line":108,"column":4},"end":{"line":108,"column":null}},{"start":{"line":109,"column":4},"end":{"line":109,"column":null}}],"line":108}},"s":{"0":223,"1":2,"2":221,"3":165,"4":56,"5":43,"6":13,"7":1,"8":12,"9":1,"10":11,"11":11,"12":2,"13":9,"14":2,"15":7,"16":161,"17":2,"18":159,"19":156,"20":2,"21":1,"22":58,"23":1,"24":57,"25":216},"f":{"0":223,"1":161,"2":58,"3":216},"b":{"0":[2,221],"1":[223,222],"2":[165,56],"3":[221,161,58],"4":[43,13],"5":[1,12],"6":[1,11],"7":[12,2],"8":[2,9],"9":[11,10],"10":[2,7],"11":[9,8],"12":[2,159],"13":[156,2,1],"14":[156,156],"15":[1,57],"16":[57,56]},"meta":{"lastBranch":17,"lastFunction":4,"lastStatement":26,"seen":{"f:45:16:45:Infinity":0,"b:49:2:51:Infinity:undefined:undefined:undefined:undefined":0,"s:49:2:51:Infinity":0,"b:49:6:49:35:49:35:49:58":1,"s:50:4:50:Infinity":1,"b:53:2:55:Infinity:undefined:undefined:undefined:undefined":2,"s:53:2:55:Infinity":2,"b:53:6:53:23:53:23:53:44:53:44:53:70":3,"s:54:4:54:Infinity":3,"b:57:2:59:Infinity:undefined:undefined:undefined:undefined":4,"s:57:2:59:Infinity":4,"s:58:4:58:Infinity":5,"b:61:2:63:Infinity:undefined:undefined:undefined:undefined":5,"s:61:2:63:Infinity":6,"s:62:4:62:Infinity":7,"b:65:2:70:Infinity:undefined:undefined:undefined:undefined":6,"s:65:2:70:Infinity":8,"b:66:4:66:Infinity:67:4:67:Infinity":7,"s:69:4:69:Infinity":9,"s:72:24:72:Infinity":10,"b:73:2:78:Infinity:undefined:undefined:undefined:undefined":8,"s:73:2:78:Infinity":11,"b:74:4:74:Infinity:75:4:75:Infinity":9,"s:77:4:77:Infinity":12,"b:80:2:82:Infinity:undefined:undefined:undefined:undefined":10,"s:80:2:82:Infinity":13,"b:80:6:80:32:80:32:80:55":11,"s:81:4:81:Infinity":14,"s:84:2:84:Infinity":15,"f:87:9:87:19":1,"b:88:2:90:Infinity:undefined:undefined:undefined:undefined":12,"s:88:2:90:Infinity":16,"s:89:4:89:Infinity":17,"b:93:4:94:Infinity:95:4:96:Infinity:97:4:98:Infinity":13,"s:92:2:99:Infinity":18,"s:94:6:94:Infinity":19,"b:94:13:94:41:94:41:94:Infinity":14,"s:96:6:96:Infinity":20,"s:98:6:98:Infinity":21,"f:102:9:102:26":2,"b:103:2:105:Infinity:undefined:undefined:undefined:undefined":15,"s:103:2:105:Infinity":22,"s:104:4:104:Infinity":23,"s:107:2:109:Infinity":24,"b:108:4:108:Infinity:109:4:109:Infinity":16,"f:113:9:113:18":3,"s:114:2:114:Infinity":25},"fnNames":{}}}
,"/home/ubuntu/repos/eject/control-plane/src/modules/eject/domain/exposure.ts": {"path":"/home/ubuntu/repos/eject/control-plane/src/modules/eject/domain/exposure.ts","statementMap":{"0":{"start":{"line":8,"column":17},"end":{"line":12,"column":null}},"1":{"start":{"line":14,"column":2},"end":{"line":21,"column":null}},"2":{"start":{"line":16,"column":27},"end":{"line":16,"column":36}},"3":{"start":{"line":18,"column":4},"end":{"line":20,"column":null}},"4":{"start":{"line":23,"column":2},"end":{"line":23,"column":null}}},"fnMap":{"0":{"name":"effectiveExposureLimit","decl":{"start":{"line":7,"column":16},"end":{"line":7,"column":39}},"loc":{"start":{"line":7,"column":75},"end":{"line":24,"column":null}},"line":7},"1":{"name":"(anonymous_1)","decl":{"start":{"line":16,"column":11},"end":{"line":16,"column":17}},"loc":{"start":{"line":16,"column":27},"end":{"line":16,"column":36}},"line":16}},"branchMap":{"0":{"loc":{"start":{"line":14,"column":2},"end":{"line":21,"column":null}},"type":"if","locations":[{"start":{"line":14,"column":2},"end":{"line":21,"column":null}},{"start":{},"end":{}}],"line":14},"1":{"loc":{"start":{"line":15,"column":4},"end":{"line":16,"column":null}},"type":"binary-expr","locations":[{"start":{"line":15,"column":4},"end":{"line":15,"column":null}},{"start":{"line":16,"column":4},"end":{"line":16,"column":null}}],"line":15}},"s":{"0":114,"1":114,"2":334,"3":3,"4":111},"f":{"0":114,"1":334},"b":{"0":[3,111],"1":[114,112]},"meta":{"lastBranch":2,"lastFunction":2,"lastStatement":5,"seen":{"f:7:16:7:39":0,"s:8:17:12:Infinity":0,"b:14:2:21:Infinity:undefined:undefined:undefined:undefined":0,"s:14:2:21:Infinity":1,"b:15:4:15:Infinity:16:4:16:Infinity":1,"f:16:11:16:17":1,"s:16:27:16:36":2,"s:18:4:20:Infinity":3,"s:23:2:23:Infinity":4},"fnNames":{}}}
,"/home/ubuntu/repos/eject/control-plane/src/modules/eject/domain/lifecycle.ts": {"path":"/home/ubuntu/repos/eject/control-plane/src/modules/eject/domain/lifecycle.ts","statementMap":{"0":{"start":{"line":16,"column":2},"end":{"line":29,"column":null}},"1":{"start":{"line":35,"column":2},"end":{"line":35,"column":null}}},"fnMap":{"0":{"name":"canTransition","decl":{"start":{"line":31,"column":16},"end":{"line":31,"column":null}},"loc":{"start":{"line":34,"column":11},"end":{"line":36,"column":null}},"line":34}},"branchMap":{},"s":{"0":1,"1":144},"f":{"0":144},"b":{},"meta":{"lastBranch":0,"lastFunction":1,"lastStatement":2,"seen":{"s:16:2:29:Infinity":0,"f:31:16:31:Infinity":0,"s:35:2:35:Infinity":1},"fnNames":{}}}
}
